Using pre-set license
Built from '2021.2/staging' branch; Version is '2021.2.18f1 (0c6e675195cf) revision 814695'; Using compiler version '192829333'; Build Type 'Release'
OS: 'Windows 11  (10.0.22000) 64bit Education' Language: 'en' Physical Memory: 16297 MB
BatchMode: 1, IsHumanControllingUs: 0, StartBugReporterOnCrash: 0, Is64bit: 1, IsPro: 1

COMMAND LINE ARGUMENTS:
C:\Program Files\Unity\Hub\Editor\2021.2.18f1\Editor\Unity.exe
-adb2
-batchMode
-noUpm
-name
AssetImportWorker1
-projectPath
B:/github/SchoolUnity/XRhamburger
-logFile
Logs/AssetImportWorker1.log
-srvPort
51212
Successfully changed project path to: B:/github/SchoolUnity/XRhamburger
B:/github/SchoolUnity/XRhamburger
[UnityMemory] Configuration Parameters - Can be set up in boot.config
    "memorysetup-bucket-allocator-granularity=16"
    "memorysetup-bucket-allocator-bucket-count=8"
    "memorysetup-bucket-allocator-block-size=33554432"
    "memorysetup-bucket-allocator-block-count=8"
    "memorysetup-main-allocator-block-size=16777216"
    "memorysetup-thread-allocator-block-size=16777216"
    "memorysetup-gfx-main-allocator-block-size=16777216"
    "memorysetup-gfx-thread-allocator-block-size=16777216"
    "memorysetup-cache-allocator-block-size=4194304"
    "memorysetup-typetree-allocator-block-size=2097152"
    "memorysetup-profiler-bucket-allocator-granularity=16"
    "memorysetup-profiler-bucket-allocator-bucket-count=8"
    "memorysetup-profiler-bucket-allocator-block-size=33554432"
    "memorysetup-profiler-bucket-allocator-block-count=8"
    "memorysetup-profiler-allocator-block-size=16777216"
    "memorysetup-profiler-editor-allocator-block-size=1048576"
    "memorysetup-temp-allocator-size-main=16777216"
    "memorysetup-job-temp-allocator-block-size=2097152"
    "memorysetup-job-temp-allocator-block-size-background=1048576"
    "memorysetup-job-temp-allocator-reduction-small-platforms=262144"
    "memorysetup-temp-allocator-size-background-worker=32768"
    "memorysetup-temp-allocator-size-job-worker=262144"
    "memorysetup-temp-allocator-size-preload-manager=33554432"
    "memorysetup-temp-allocator-size-nav-mesh-worker=65536"
    "memorysetup-temp-allocator-size-audio-worker=65536"
    "memorysetup-temp-allocator-size-cloud-worker=32768"
    "memorysetup-temp-allocator-size-gi-baking-worker=262144"
    "memorysetup-temp-allocator-size-gfx=262144"
Refreshing native plugins compatible for Editor in 47.70 ms, found 3 plugins.
Preloading 0 native plugins for Editor in 0.00 ms.
Initialize engine version: 2021.2.18f1 (0c6e675195cf)
[Subsystems] Discovering subsystems at path C:/Program Files/Unity/Hub/Editor/2021.2.18f1/Editor/Data/Resources/UnitySubsystems
[Subsystems] Discovering subsystems at path B:/github/SchoolUnity/XRhamburger/Assets
GfxDevice: creating device client; threaded=0; jobified=0
Direct3D:
    Version:  Direct3D 11.0 [level 11.1]
    Renderer: NVIDIA GeForce GTX 1080 (ID=0x1b80)
    Vendor:   NVIDIA
    VRAM:     8079 MB
    Driver:   30.0.15.1295
Initialize mono
Mono path[0] = 'C:/Program Files/Unity/Hub/Editor/2021.2.18f1/Editor/Data/Managed'
Mono path[1] = 'C:/Program Files/Unity/Hub/Editor/2021.2.18f1/Editor/Data/MonoBleedingEdge/lib/mono/unityjit-win32'
Mono config path = 'C:/Program Files/Unity/Hub/Editor/2021.2.18f1/Editor/Data/MonoBleedingEdge/etc'
Using monoOptions --debugger-agent=transport=dt_socket,embedding=1,server=y,suspend=n,address=127.0.0.1:56280
Begin MonoManager ReloadAssembly
Registering precompiled unity dll's ...
Register platform support module: C:/Program Files/Unity/Hub/Editor/2021.2.18f1/Editor/Data/PlaybackEngines/AndroidPlayer/UnityEditor.Android.Extensions.dll
Register platform support module: C:/Program Files/Unity/Hub/Editor/2021.2.18f1/Editor/Data/PlaybackEngines/WindowsStandaloneSupport/UnityEditor.WindowsStandalone.Extensions.dll
Registered in 0.004474 seconds.
Native extension for WindowsStandalone target not found
Native extension for Android target not found
Refreshing native plugins compatible for Editor in 39.71 ms, found 3 plugins.
Preloading 0 native plugins for Editor in 0.00 ms.
Mono: successfully reloaded assembly
- Completed reload, in  0.608 seconds
Domain Reload Profiling:
	ReloadAssembly (609ms)
		BeginReloadAssembly (77ms)
			ExecutionOrderSort (0ms)
			DisableScriptedObjects (0ms)
			BackupInstance (0ms)
			ReleaseScriptingObjects (0ms)
			CreateAndSetChildDomain (1ms)
		EndReloadAssembly (416ms)
			LoadAssemblies (73ms)
			RebuildTransferFunctionScriptingTraits (0ms)
			SetupTypeCache (105ms)
			ReleaseScriptCaches (0ms)
			RebuildScriptCaches (28ms)
			SetupLoadedEditorAssemblies (234ms)
				LogAssemblyErrors (0ms)
				InitializePlatformSupportModulesInManaged (60ms)
				SetLoadedEditorAssemblies (2ms)
				RefreshPlugins (40ms)
				BeforeProcessingInitializeOnLoad (2ms)
				ProcessInitializeOnLoadAttributes (91ms)
				ProcessInitializeOnLoadMethodAttributes (39ms)
				AfterProcessingInitializeOnLoad (0ms)
				EditorAssembliesLoaded (0ms)
			ExecutionOrderSort2 (0ms)
			AwakeInstancesAfterBackupRestoration (0ms)
Platform modules already initialized, skipping
Registering precompiled user dll's ...
Registered in 0.002162 seconds.
Begin MonoManager ReloadAssembly
Native extension for WindowsStandalone target not found
Native extension for Android target not found
Refreshing native plugins compatible for Editor in 40.32 ms, found 3 plugins.
Preloading 0 native plugins for Editor in 0.00 ms.
Package Manager log level set to [2]
Mono: successfully reloaded assembly
- Completed reload, in  1.344 seconds
Domain Reload Profiling:
	ReloadAssembly (1345ms)
		BeginReloadAssembly (288ms)
			ExecutionOrderSort (0ms)
			DisableScriptedObjects (6ms)
			BackupInstance (0ms)
			ReleaseScriptingObjects (0ms)
			CreateAndSetChildDomain (125ms)
		EndReloadAssembly (842ms)
			LoadAssemblies (161ms)
			RebuildTransferFunctionScriptingTraits (0ms)
			SetupTypeCache (282ms)
			ReleaseScriptCaches (1ms)
			RebuildScriptCaches (49ms)
			SetupLoadedEditorAssemblies (376ms)
				LogAssemblyErrors (0ms)
				InitializePlatformSupportModulesInManaged (14ms)
				SetLoadedEditorAssemblies (0ms)
				RefreshPlugins (40ms)
				BeforeProcessingInitializeOnLoad (75ms)
				ProcessInitializeOnLoadAttributes (212ms)
				ProcessInitializeOnLoadMethodAttributes (27ms)
				AfterProcessingInitializeOnLoad (8ms)
				EditorAssembliesLoaded (0ms)
			ExecutionOrderSort2 (0ms)
			AwakeInstancesAfterBackupRestoration (6ms)
Platform modules already initialized, skipping
========================================================================
Worker process is ready to serve import requests
Launched and connected shader compiler UnityShaderCompiler.exe after 0.08 seconds
Refreshing native plugins compatible for Editor in 1.05 ms, found 3 plugins.
Preloading 0 native plugins for Editor in 0.00 ms.
Unloading 2258 Unused Serialized files (Serialized files now loaded: 0)
Unloading 18 unused Assets / (74.9 KB). Loaded Objects now: 2727.
Memory consumption went from 90.1 MB to 90.0 MB.
Total: 3.853800 ms (FindLiveObjects: 0.251800 ms CreateObjectMapping: 0.064000 ms MarkObjects: 3.453700 ms  DeleteObjects: 0.082200 ms)

AssetImportParameters requested are different than current active one (requested -> active):
  custom:video-decoder-ogg-theora: a1e56fd34408186e4bbccfd4996cb3dc -> 
  custom:container-muxer-webm: aa71ff27fc2769a1b78a27578f13a17b -> 
  custom:container-demuxer-webm: 4f35f7cbe854078d1ac9338744f61a02 -> 
  custom:video-encoder-webm-vp8: eb34c28f22e8b96e1ab97ce403110664 -> 
  custom:audio-encoder-webm-vorbis: bf7c407c2cedff20999df2af8eb42d56 -> 
  custom:framework-win-MediaFoundation: 216162199b28c13a410421893ffa2e32 -> 
  custom:container-demuxer-ogg: 62fdf1f143b41e24485cea50d1cbac27 -> 
  custom:video-decoder-webm-vp8: 9c59270c3fd7afecdb556c50c9e8de78 -> 
  custom:audio-decoder-ogg-vorbis: bf7c407c2cedff20999df2af8eb42d56 -> 
========================================================================
Received Import Request.
  Time since last request: 88888.319629 seconds.
  path: Assets/cheezespider.obj
  artifactKey: Guid(0a06acfc7f8d940c0ba4ed364e7a0795) Importer(815301076,1909f56bfc062723c751e8b465ee728b)
Start importing Assets/cheezespider.obj using Guid(0a06acfc7f8d940c0ba4ed364e7a0795) Importer(815301076,1909f56bfc062723c751e8b465ee728b)  -> (artifact id: 'a05ec5db0d3f592f6395f33d38c07c54') in 2.459390 seconds 
========================================================================
Received Import Request.
  Time since last request: 9.089818 seconds.
  path: Assets/Scenes/Material.001.mat
  artifactKey: Guid(7cb23af72fa5d4d489adcd9674a01a49) Importer(815301076,1909f56bfc062723c751e8b465ee728b)
Start importing Assets/Scenes/Material.001.mat using Guid(7cb23af72fa5d4d489adcd9674a01a49) Importer(815301076,1909f56bfc062723c751e8b465ee728b)  -> (artifact id: 'b98644888c6b431f59556c8e5f92f453') in 0.043533 seconds 
========================================================================
Received Import Request.
  Time since last request: 0.000045 seconds.
  path: Assets/Scenes/Material.005.mat
  artifactKey: Guid(e0d95638e0e6a4fecbed4a13da98f011) Importer(815301076,1909f56bfc062723c751e8b465ee728b)
Start importing Assets/Scenes/Material.005.mat using Guid(e0d95638e0e6a4fecbed4a13da98f011) Importer(815301076,1909f56bfc062723c751e8b465ee728b)  -> (artifact id: 'ed7dd03fd9d28d19518d775889ccac5a') in 0.027177 seconds 
========================================================================
Received Import Request.
  Time since last request: 22.343505 seconds.
  path: Assets/ExampleAssets/Tutorial/TutorialProjectSettings.asset
  artifactKey: Guid(81fee52a5ef9d49a9babe154239f82cf) Importer(815301076,1909f56bfc062723c751e8b465ee728b)
Start importing Assets/ExampleAssets/Tutorial/TutorialProjectSettings.asset using Guid(81fee52a5ef9d49a9babe154239f82cf) Importer(815301076,1909f56bfc062723c751e8b465ee728b)  -> (artifact id: '8f8d0120bfb6fb89eb9afef8273594a2') in 0.025545 seconds 
========================================================================
Received Import Request.
  Time since last request: 7.342373 seconds.
  path: Assets/materials/Box003Mat.mat
  artifactKey: Guid(dc131a9bac8074172a2ae1a99dc2ce47) Importer(815301076,1909f56bfc062723c751e8b465ee728b)
Start importing Assets/materials/Box003Mat.mat using Guid(dc131a9bac8074172a2ae1a99dc2ce47) Importer(815301076,1909f56bfc062723c751e8b465ee728b)  -> (artifact id: 'fd8a2374989adcef4174a7544b4aa804') in 0.035052 seconds 
========================================================================
Received Import Request.
  Time since last request: 0.000032 seconds.
  path: Assets/materials/Box007Mat.mat
  artifactKey: Guid(efba4fa2122ba46ab95389838fb7edfa) Importer(815301076,1909f56bfc062723c751e8b465ee728b)
Start importing Assets/materials/Box007Mat.mat using Guid(efba4fa2122ba46ab95389838fb7edfa) Importer(815301076,1909f56bfc062723c751e8b465ee728b)  -> (artifact id: '2829e9e37f9cd26da79b4084083b6cae') in 0.027248 seconds 
========================================================================
Received Import Request.
  Time since last request: 0.000027 seconds.
  path: Assets/materials/Cylinder002Mat.mat
  artifactKey: Guid(897f7b956b71e4134b7a43469bd5faef) Importer(815301076,1909f56bfc062723c751e8b465ee728b)
Start importing Assets/materials/Cylinder002Mat.mat using Guid(897f7b956b71e4134b7a43469bd5faef) Importer(815301076,1909f56bfc062723c751e8b465ee728b)  -> (artifact id: '94e9e09f86a5513cc24257255b410e83') in 0.069015 seconds 
========================================================================
Received Import Request.
  Time since last request: 0.000027 seconds.
  path: Assets/materials/Box009Mat.mat
  artifactKey: Guid(83cc25aa9ae50448a9e1cefae7b9e03d) Importer(815301076,1909f56bfc062723c751e8b465ee728b)
Start importing Assets/materials/Box009Mat.mat using Guid(83cc25aa9ae50448a9e1cefae7b9e03d) Importer(815301076,1909f56bfc062723c751e8b465ee728b)  -> (artifact id: '318a89ce57dd7f9b9d0ffead9947fddb') in 0.034026 seconds 
========================================================================
Received Import Request.
  Time since last request: 0.000037 seconds.
  path: Assets/materials/Cylinder006Mat.mat
  artifactKey: Guid(f051fbb5dfe3c4a25add0f5fff63f001) Importer(815301076,1909f56bfc062723c751e8b465ee728b)
Start importing Assets/materials/Cylinder006Mat.mat using Guid(f051fbb5dfe3c4a25add0f5fff63f001) Importer(815301076,1909f56bfc062723c751e8b465ee728b)  -> (artifact id: '88175a574336c09affb8519ce84a23f5') in 0.056015 seconds 
========================================================================
Received Import Request.
  Time since last request: 3.594972 seconds.
  path: Assets/referance/MysteryBurger.jpg
  artifactKey: Guid(67211c24c7fe34b5d801e4c3312a038b) Importer(815301076,1909f56bfc062723c751e8b465ee728b)
Start importing Assets/referance/MysteryBurger.jpg using Guid(67211c24c7fe34b5d801e4c3312a038b) Importer(815301076,1909f56bfc062723c751e8b465ee728b)  -> (artifact id: 'a3909d2a1e71ee79839d936c772b3bc8') in 0.061746 seconds 
